{"context":"NestFactory","level":"info","message":"Starting Nest application...","timestamp":"2025-05-26T11:51:42.640Z"}
{"context":"InstanceLoader","level":"info","message":"TypeOrmModule dependencies initialized","timestamp":"2025-05-26T11:51:42.752Z"}
{"context":"InstanceLoader","level":"info","message":"MailerModule dependencies initialized","timestamp":"2025-05-26T11:51:42.752Z"}
{"context":"InstanceLoader","level":"info","message":"JwtModule dependencies initialized","timestamp":"2025-05-26T11:51:42.753Z"}
{"context":"InstanceLoader","level":"info","message":"MailerCoreModule dependencies initialized","timestamp":"2025-05-26T11:51:42.753Z"}
{"context":"InstanceLoader","level":"info","message":"ConfigHostModule dependencies initialized","timestamp":"2025-05-26T11:51:42.754Z"}
{"context":"InstanceLoader","level":"info","message":"ConfigModule dependencies initialized","timestamp":"2025-05-26T11:51:42.754Z"}
{"context":"InstanceLoader","level":"info","message":"TypeOrmCoreModule dependencies initialized","timestamp":"2025-05-26T11:51:45.755Z"}
{"context":"InstanceLoader","level":"info","message":"TypeOrmModule dependencies initialized","timestamp":"2025-05-26T11:51:45.756Z"}
{"context":"InstanceLoader","level":"info","message":"TypeOrmModule dependencies initialized","timestamp":"2025-05-26T11:51:45.756Z"}
{"context":"InstanceLoader","level":"info","message":"AppModule dependencies initialized","timestamp":"2025-05-26T11:51:45.757Z"}
{"context":"InstanceLoader","level":"info","message":"AuthModule dependencies initialized","timestamp":"2025-05-26T11:51:45.758Z"}
{"context":"RoutesResolver","level":"info","message":"AuthController {/auth}:","timestamp":"2025-05-26T11:51:45.772Z"}
{"context":"RouterExplorer","level":"info","message":"Mapped {/auth/register, POST} route","timestamp":"2025-05-26T11:51:45.776Z"}
{"context":"RouterExplorer","level":"info","message":"Mapped {/auth/verify-email, GET} route","timestamp":"2025-05-26T11:51:45.778Z"}
{"context":"RouterExplorer","level":"info","message":"Mapped {/auth/resend-verification, POST} route","timestamp":"2025-05-26T11:51:45.779Z"}
{"context":"RouterExplorer","level":"info","message":"Mapped {/auth/login, POST} route","timestamp":"2025-05-26T11:51:45.780Z"}
{"context":"RouterExplorer","level":"info","message":"Mapped {/auth/me, GET} route","timestamp":"2025-05-26T11:51:45.785Z"}
{"context":"RouterExplorer","level":"info","message":"Mapped {/auth/refresh, POST} route","timestamp":"2025-05-26T11:51:45.786Z"}
{"context":"NestApplication","level":"info","message":"Nest application successfully started","timestamp":"2025-05-26T11:51:46.588Z"}
{"context":"HttpExceptionFilter","level":"error","message":"Error 500 - Login failed - /auth/login - POST","stack":[null],"timestamp":"2025-05-26T11:54:13.133Z"}
